Compiling the C compiler identification source file "CMakeCCompilerId.c" failed.
Compiler: /Applications/Xcode.app/Contents/Developer/Toolchains/XcodeDefault.xctoolchain/usr/bin/cc 
Build flags: 
Id flags:  

The output was:
1
ld: library not found for -lSystem
clang: error: linker command failed with exit code 1 (use -v to see invocation)


Compiling the CXX compiler identification source file "CMakeCXXCompilerId.cpp" failed.
Compiler: /Applications/Xcode.app/Contents/Developer/Toolchains/XcodeDefault.xctoolchain/usr/bin/c++ 
Build flags: 
Id flags:  

The output was:
1
ld: library not found for -lc++
clang: error: linker command failed with exit code 1 (use -v to see invocation)


Determining if files link.h exist failed with the following output:
Change Dir: /Users/glh/Desktop/myspades/ext/src/llvm/CMakeFiles/CMakeTmp

Run Build Command(s):/usr/bin/make cmTC_8d1ac/fast && /Applications/Xcode.app/Contents/Developer/usr/bin/make  -f CMakeFiles/cmTC_8d1ac.dir/build.make CMakeFiles/cmTC_8d1ac.dir/build
Building C object CMakeFiles/cmTC_8d1ac.dir/HAVA_LINK_H.c.o
/Applications/Xcode.app/Contents/Developer/Toolchains/XcodeDefault.xctoolchain/usr/bin/cc   -isysroot /Applications/Xcode.app/Contents/Developer/Platforms/MacOSX.platform/Developer/SDKs/MacOSX11.1.sdk -o CMakeFiles/cmTC_8d1ac.dir/HAVA_LINK_H.c.o -c /Users/glh/Desktop/myspades/ext/src/llvm/CMakeFiles/CheckIncludeFiles/HAVA_LINK_H.c
/Users/glh/Desktop/myspades/ext/src/llvm/CMakeFiles/CheckIncludeFiles/HAVA_LINK_H.c:2:10: fatal error: 'link.h' file not found
#include <link.h>
         ^~~~~~~~
1 error generated.
make[1]: *** [CMakeFiles/cmTC_8d1ac.dir/HAVA_LINK_H.c.o] Error 1
make: *** [cmTC_8d1ac/fast] Error 2


Source:
/* */
#include <link.h>


int main(void){return 0;}

